Connecting to database specified by database.yml
  [1m[36m (0.2ms)[0m  [1mselect sqlite_version(*)[0m
  [1m[35m (8.3ms)[0m  CREATE TABLE "schema_migrations" ("version" varchar(255) NOT NULL) 
  [1m[36m (4.4ms)[0m  [1mCREATE UNIQUE INDEX "unique_schema_migrations" ON "schema_migrations" ("version")[0m
  [1m[35m (1.6ms)[0m  SELECT "schema_migrations"."version" FROM "schema_migrations" 
Migrating to CreateRuboardPosts (20130407170901)
  [1m[36m (0.1ms)[0m  [1mbegin transaction[0m
  [1m[35m (0.6ms)[0m  CREATE TABLE "ruboard_posts" ("id" INTEGER PRIMARY KEY AUTOINCREMENT NOT NULL, "user_id" integer NOT NULL, "topic_id" integer NOT NULL, "body" text NOT NULL, "edit_times" integer DEFAULT 0 NOT NULL, "rating" integer DEFAULT 0 NOT NULL, "created_at" datetime NOT NULL, "updated_at" datetime NOT NULL) 
  [1m[36m (0.2ms)[0m  [1mCREATE INDEX "index_ruboard_posts_on_user_id" ON "ruboard_posts" ("user_id")[0m
  [1m[35m (0.2ms)[0m  CREATE INDEX "index_ruboard_posts_on_topic_id" ON "ruboard_posts" ("topic_id")
  [1m[36m (0.1ms)[0m  [1mINSERT INTO "schema_migrations" ("version") VALUES ('20130407170901')[0m
  [1m[35m (6.3ms)[0m  commit transaction
Migrating to CreateRuboardForums (20130407170902)
  [1m[36m (0.1ms)[0m  [1mbegin transaction[0m
  [1m[35m (0.4ms)[0m  CREATE TABLE "ruboard_forums" ("id" INTEGER PRIMARY KEY AUTOINCREMENT NOT NULL, "title" varchar(255) NOT NULL, "description" varchar(255), "published" boolean DEFAULT 't' NOT NULL, "created_at" datetime NOT NULL, "updated_at" datetime NOT NULL) 
  [1m[36m (0.2ms)[0m  [1mINSERT INTO "schema_migrations" ("version") VALUES ('20130407170902')[0m
  [1m[35m (5.4ms)[0m  commit transaction
Migrating to CreateRuboardTopics (20130407170903)
  [1m[36m (0.1ms)[0m  [1mbegin transaction[0m
  [1m[35m (0.5ms)[0m  CREATE TABLE "ruboard_topics" ("id" INTEGER PRIMARY KEY AUTOINCREMENT NOT NULL, "forum_id" integer NOT NULL, "user_id" integer NOT NULL, "closed" boolean DEFAULT 'f' NOT NULL, "pinned" boolean DEFAULT 'f' NOT NULL, "created_at" datetime NOT NULL, "updated_at" datetime NOT NULL) 
  [1m[36m (0.3ms)[0m  [1mCREATE INDEX "index_ruboard_topics_on_forum_id" ON "ruboard_topics" ("forum_id")[0m
  [1m[35m (0.2ms)[0m  CREATE INDEX "index_ruboard_topics_on_user_id" ON "ruboard_topics" ("user_id")
  [1m[36m (0.5ms)[0m  [1mINSERT INTO "schema_migrations" ("version") VALUES ('20130407170903')[0m
  [1m[35m (5.6ms)[0m  commit transaction
  [1m[36m (0.1ms)[0m  [1mSELECT "schema_migrations"."version" FROM "schema_migrations" [0m
Connecting to database specified by database.yml
  [1m[36m (1.5ms)[0m  [1mSELECT "schema_migrations"."version" FROM "schema_migrations" [0m
  [1m[35m (0.3ms)[0m  select sqlite_version(*)
  [1m[36m (9.0ms)[0m  [1mCREATE TABLE "ruboard_forums" ("id" INTEGER PRIMARY KEY AUTOINCREMENT NOT NULL, "title" varchar(255) NOT NULL, "description" varchar(255), "published" boolean DEFAULT 't' NOT NULL, "created_at" datetime NOT NULL, "updated_at" datetime NOT NULL) [0m
  [1m[35m (4.4ms)[0m  CREATE TABLE "ruboard_posts" ("id" INTEGER PRIMARY KEY AUTOINCREMENT NOT NULL, "user_id" integer NOT NULL, "topic_id" integer NOT NULL, "body" text NOT NULL, "edit_times" integer DEFAULT 0 NOT NULL, "rating" integer DEFAULT 0 NOT NULL, "created_at" datetime NOT NULL, "updated_at" datetime NOT NULL) 
  [1m[36m (4.5ms)[0m  [1mCREATE INDEX "index_ruboard_posts_on_topic_id" ON "ruboard_posts" ("topic_id")[0m
  [1m[35m (5.2ms)[0m  CREATE INDEX "index_ruboard_posts_on_user_id" ON "ruboard_posts" ("user_id")
  [1m[36m (4.7ms)[0m  [1mCREATE TABLE "ruboard_topics" ("id" INTEGER PRIMARY KEY AUTOINCREMENT NOT NULL, "forum_id" integer NOT NULL, "user_id" integer NOT NULL, "closed" boolean DEFAULT 'f' NOT NULL, "pinned" boolean DEFAULT 'f' NOT NULL, "created_at" datetime NOT NULL, "updated_at" datetime NOT NULL) [0m
  [1m[35m (5.3ms)[0m  CREATE INDEX "index_ruboard_topics_on_forum_id" ON "ruboard_topics" ("forum_id")
  [1m[36m (4.4ms)[0m  [1mCREATE INDEX "index_ruboard_topics_on_user_id" ON "ruboard_topics" ("user_id")[0m
  [1m[35m (4.4ms)[0m  CREATE TABLE "schema_migrations" ("version" varchar(255) NOT NULL) 
  [1m[36m (5.5ms)[0m  [1mCREATE UNIQUE INDEX "unique_schema_migrations" ON "schema_migrations" ("version")[0m
  [1m[35m (0.1ms)[0m  SELECT version FROM "schema_migrations"
  [1m[36m (4.5ms)[0m  [1mINSERT INTO "schema_migrations" (version) VALUES ('20130407170903')[0m
  [1m[35m (4.4ms)[0m  INSERT INTO "schema_migrations" (version) VALUES ('20130407170901')
  [1m[36m (4.5ms)[0m  [1mINSERT INTO "schema_migrations" (version) VALUES ('20130407170902')[0m
Connecting to database specified by database.yml
  [1m[36m (0.1ms)[0m  [1mselect sqlite_version(*)[0m
  [1m[35m (9.5ms)[0m  CREATE TABLE "schema_migrations" ("version" varchar(255) NOT NULL) 
  [1m[36m (5.1ms)[0m  [1mCREATE UNIQUE INDEX "unique_schema_migrations" ON "schema_migrations" ("version")[0m
  [1m[35m (2.2ms)[0m  SELECT "schema_migrations"."version" FROM "schema_migrations" 
Migrating to CreateRuboardPosts (20130407170901)
  [1m[36m (0.1ms)[0m  [1mbegin transaction[0m
  [1m[35m (0.6ms)[0m  CREATE TABLE "ruboard_posts" ("id" INTEGER PRIMARY KEY AUTOINCREMENT NOT NULL, "user_id" integer NOT NULL, "topic_id" integer NOT NULL, "body" text NOT NULL, "edit_times" integer DEFAULT 0 NOT NULL, "rating" integer DEFAULT 0 NOT NULL, "created_at" datetime NOT NULL, "updated_at" datetime NOT NULL) 
  [1m[36m (0.2ms)[0m  [1mCREATE INDEX "index_ruboard_posts_on_user_id" ON "ruboard_posts" ("user_id")[0m
  [1m[35m (0.2ms)[0m  CREATE INDEX "index_ruboard_posts_on_topic_id" ON "ruboard_posts" ("topic_id")
  [1m[36m (0.1ms)[0m  [1mINSERT INTO "schema_migrations" ("version") VALUES ('20130407170901')[0m
  [1m[35m (6.0ms)[0m  commit transaction
Migrating to CreateRuboardTopics (20130407170903)
  [1m[36m (0.1ms)[0m  [1mbegin transaction[0m
  [1m[35m (0.5ms)[0m  CREATE TABLE "ruboard_topics" ("id" INTEGER PRIMARY KEY AUTOINCREMENT NOT NULL, "forum_id" integer NOT NULL, "user_id" integer NOT NULL, "closed" boolean DEFAULT 'f' NOT NULL, "pinned" boolean DEFAULT 'f' NOT NULL, "created_at" datetime NOT NULL, "updated_at" datetime NOT NULL) 
  [1m[36m (0.2ms)[0m  [1mCREATE INDEX "index_ruboard_topics_on_forum_id" ON "ruboard_topics" ("forum_id")[0m
  [1m[35m (0.2ms)[0m  CREATE INDEX "index_ruboard_topics_on_user_id" ON "ruboard_topics" ("user_id")
  [1m[36m (0.1ms)[0m  [1mINSERT INTO "schema_migrations" ("version") VALUES ('20130407170903')[0m
  [1m[35m (4.6ms)[0m  commit transaction
Migrating to CreateRuboardForums (20130407172918)
  [1m[36m (0.1ms)[0m  [1mbegin transaction[0m
  [1m[35m (0.5ms)[0m  CREATE TABLE "ruboard_forums" ("id" INTEGER PRIMARY KEY AUTOINCREMENT NOT NULL, "title" varchar(255) NOT NULL, "description" varchar(255), "published" boolean DEFAULT 't' NOT NULL, "slug" varchar(255), "created_at" datetime NOT NULL, "updated_at" datetime NOT NULL) 
  [1m[36m (0.4ms)[0m  [1mCREATE UNIQUE INDEX "index_ruboard_forums_on_slug" ON "ruboard_forums" ("slug")[0m
  [1m[35m (0.2ms)[0m  INSERT INTO "schema_migrations" ("version") VALUES ('20130407172918')
  [1m[36m (8.5ms)[0m  [1mcommit transaction[0m
  [1m[35m (0.1ms)[0m  SELECT "schema_migrations"."version" FROM "schema_migrations" 
Connecting to database specified by database.yml
  [1m[36m (1.5ms)[0m  [1mSELECT "schema_migrations"."version" FROM "schema_migrations" [0m
  [1m[35m (0.3ms)[0m  select sqlite_version(*)
  [1m[36m (9.6ms)[0m  [1mCREATE TABLE "ruboard_forums" ("id" INTEGER PRIMARY KEY AUTOINCREMENT NOT NULL, "title" varchar(255) NOT NULL, "description" varchar(255), "published" boolean DEFAULT 't' NOT NULL, "slug" varchar(255), "created_at" datetime NOT NULL, "updated_at" datetime NOT NULL) [0m
  [1m[35m (4.5ms)[0m  CREATE UNIQUE INDEX "index_ruboard_forums_on_slug" ON "ruboard_forums" ("slug")
  [1m[36m (5.2ms)[0m  [1mCREATE TABLE "ruboard_posts" ("id" INTEGER PRIMARY KEY AUTOINCREMENT NOT NULL, "user_id" integer NOT NULL, "topic_id" integer NOT NULL, "body" text NOT NULL, "edit_times" integer DEFAULT 0 NOT NULL, "rating" integer DEFAULT 0 NOT NULL, "created_at" datetime NOT NULL, "updated_at" datetime NOT NULL) [0m
  [1m[35m (4.5ms)[0m  CREATE INDEX "index_ruboard_posts_on_topic_id" ON "ruboard_posts" ("topic_id")
  [1m[36m (4.5ms)[0m  [1mCREATE INDEX "index_ruboard_posts_on_user_id" ON "ruboard_posts" ("user_id")[0m
  [1m[35m (5.2ms)[0m  CREATE TABLE "ruboard_topics" ("id" INTEGER PRIMARY KEY AUTOINCREMENT NOT NULL, "forum_id" integer NOT NULL, "user_id" integer NOT NULL, "closed" boolean DEFAULT 'f' NOT NULL, "pinned" boolean DEFAULT 'f' NOT NULL, "created_at" datetime NOT NULL, "updated_at" datetime NOT NULL) 
  [1m[36m (4.5ms)[0m  [1mCREATE INDEX "index_ruboard_topics_on_forum_id" ON "ruboard_topics" ("forum_id")[0m
  [1m[35m (5.2ms)[0m  CREATE INDEX "index_ruboard_topics_on_user_id" ON "ruboard_topics" ("user_id")
  [1m[36m (4.5ms)[0m  [1mCREATE TABLE "schema_migrations" ("version" varchar(255) NOT NULL) [0m
  [1m[35m (4.5ms)[0m  CREATE UNIQUE INDEX "unique_schema_migrations" ON "schema_migrations" ("version")
  [1m[36m (0.1ms)[0m  [1mSELECT version FROM "schema_migrations"[0m
  [1m[35m (5.4ms)[0m  INSERT INTO "schema_migrations" (version) VALUES ('20130407172918')
  [1m[36m (12.6ms)[0m  [1mINSERT INTO "schema_migrations" (version) VALUES ('20130407170901')[0m
  [1m[35m (4.5ms)[0m  INSERT INTO "schema_migrations" (version) VALUES ('20130407170903')
